{
  message: '🛢 Database connected successfully ✔',
  level: 'info',
  label: 'PH university',
  timestamp: '2023-06-04T09:15:51.160Z'
}
{
  message: 'University server listening on port 5000',
  level: 'info',
  label: 'PH university',
  timestamp: '2023-06-04T09:15:51.180Z'
}
Sun Jun 04 2023 15:20:5 } [PH university] info: 🛢 Database connected successfully ✔
Sun Jun 04 2023 15:20:5 } [PH university] info: University server listening on port 5000
Sun Jun 04 2023 15:22:49 } [PH university] info: 🛢 Database connected successfully ✔
Sun Jun 04 2023 15:22:49 } [PH university] info: University server listening on port 5000
Sun Jun 04 2023 15:23:38 } [PH university] info: 🛢 Database connected successfully ✔
Sun Jun 04 2023 15:23:38 } [PH university] info: University server listening on port 5000
Sun Jun 04 2023 15:25:28 } [PH university] info: 🛢 Database connected successfully ✔
Sun Jun 04 2023 15:25:28 } [PH university] info: University server listening on port 5000
Sun Jun 04 2023 15:53:13 } [PH university] info: 🛢 Database connected successfully ✔
Sun Jun 04 2023 15:53:13 } [PH university] info: University server listening on port 5000
Sun Jun 04 2023 15:54:7 } [PH university] info: 🛢 Database connected successfully ✔
Sun Jun 04 2023 15:54:7 } [PH university] info: University server listening on port 5000
Sun Jun 04 2023 15:55:0 } [PH university] info: 🛢 Database connected successfully ✔
Sun Jun 04 2023 15:55:0 } [PH university] info: University server listening on port 5000
Sun Jun 04 2023 15:56:53 } [PH university] info: 🛢 Database connected successfully ✔
Sun Jun 04 2023 15:56:53 } [PH university] info: University server listening on port 5000
Sun Jun 04 2023 15:57:56 } [PH university] info: 🛢 Database connected successfully ✔
Sun Jun 04 2023 15:57:56 } [PH university] info: University server listening on port 5000
Sun Jun 04 2023 15:58:26 } [PH university] info: 🛢 Database connected successfully ✔
Sun Jun 04 2023 15:58:26 } [PH university] info: University server listening on port 5000
