Wed Jun 14 2023 12:14:54 } [PH university] error: 🚀globalErrorHandler ~ [
  {
    "code": "invalid_type",
    "expected": "string",
    "received": "undefined",
    "path": [
      "body",
      "user",
      "role"
    ],
    "message": "role is required"
  }
]
Wed Jun 14 2023 12:18:45 } [PH university] error: 🚀globalErrorHandler ~ [
  {
    "code": "invalid_type",
    "expected": "string",
    "received": "undefined",
    "path": [
      "body",
      "user",
      "role"
    ],
    "message": "role is required"
  }
]
